2026-04-18 11:13:15,368:DEBUG:certbot._internal.main:certbot version: 5.3.1
2026-04-18 11:13:15,368:DEBUG:certbot._internal.main:Location of certbot entry point: /opt/certbot/bin/certbot
2026-04-18 11:13:15,368:DEBUG:certbot._internal.main:Arguments: ['--config', '/etc/letsencrypt.ini', '--work-dir', '/tmp/letsencrypt-lib', '--logs-dir', '/data/logs', '--cert-name', 'npm-4', '--agree-tos', '--authenticator', 'webroot', '-m', 'tiago@mail.com', '--preferred-challenges', 'http', '--domains', 'reverb.tiagomsantos.pt']
2026-04-18 11:13:15,369:DEBUG:certbot._internal.main:Discovered plugins: PluginsRegistry(PluginEntryPoint#manual,PluginEntryPoint#null,PluginEntryPoint#standalone,PluginEntryPoint#webroot)
2026-04-18 11:13:15,685:DEBUG:certbot._internal.log:Root logging level set at 30
2026-04-18 11:13:15,702:DEBUG:certbot._internal.plugins.selection:Requested authenticator webroot and installer None
2026-04-18 11:13:15,703:DEBUG:certbot._internal.plugins.selection:Single candidate plugin: * webroot
Description: Saves the necessary validation files to a .well-known/acme-challenge/ directory within the nominated webroot path. A separate HTTP server must be running and serving files from the webroot path. HTTP challenge only (wildcards not supported).
Interfaces: Authenticator, Plugin
Entry point: EntryPoint(name='webroot', value='certbot._internal.plugins.webroot:Authenticator', group='certbot.plugins')
Initialized: <certbot._internal.plugins.webroot.Authenticator object at 0x731b8cdcf390>
Prep: True
2026-04-18 11:13:15,704:DEBUG:certbot._internal.plugins.selection:Selected authenticator <certbot._internal.plugins.webroot.Authenticator object at 0x731b8cdcf390> and installer None
2026-04-18 11:13:15,705:INFO:certbot._internal.plugins.selection:Plugins selected: Authenticator webroot, Installer None
2026-04-18 11:13:15,771:DEBUG:certbot._internal.main:Picked account: <Account(RegistrationResource(body=Registration(key=None, contact=(), agreement=None, status=None, terms_of_service_agreed=None, only_return_existing=None, external_account_binding=None), uri='https://acme-v02.api.letsencrypt.org/acme/acct/3251966891', new_authzr_uri=None, terms_of_service=None), 2234ddacca6fa45f36ffeeacd858f1ae, Meta(creation_dt=datetime.datetime(2026, 4, 18, 10, 16, 46, tzinfo=datetime.timezone.utc), creation_host='8e1e1dc53a0c', register_to_eff=None))>
2026-04-18 11:13:15,773:DEBUG:acme.client:Sending GET request to https://acme-v02.api.letsencrypt.org/directory.
2026-04-18 11:13:15,776:DEBUG:urllib3.connectionpool:Starting new HTTPS connection (1): acme-v02.api.letsencrypt.org:443
2026-04-18 11:13:16,365:DEBUG:urllib3.connectionpool:https://acme-v02.api.letsencrypt.org:443 "GET /directory HTTP/1.1" 200 1033
2026-04-18 11:13:16,366:DEBUG:acme.client:Received response:
HTTP 200
Server: nginx
Date: Sat, 18 Apr 2026 11:13:14 GMT
Content-Type: application/json
Content-Length: 1033
Connection: keep-alive
Cache-Control: public, max-age=0, no-cache
X-Frame-Options: DENY
Strict-Transport-Security: max-age=604800

{
  "PeOw-osHW74": "https://community.letsencrypt.org/t/adding-random-entries-to-the-directory/33417",
  "keyChange": "https://acme-v02.api.letsencrypt.org/acme/key-change",
  "meta": {
    "caaIdentities": [
      "letsencrypt.org"
    ],
    "profiles": {
      "classic": "https://letsencrypt.org/docs/profiles#classic",
      "shortlived": "https://letsencrypt.org/docs/profiles#shortlived",
      "tlsclient": "https://letsencrypt.org/docs/profiles#tlsclient",
      "tlsserver": "https://letsencrypt.org/docs/profiles#tlsserver"
    },
    "termsOfService": "https://letsencrypt.org/documents/LE-SA-v1.6-August-18-2025.pdf",
    "website": "https://letsencrypt.org"
  },
  "newAccount": "https://acme-v02.api.letsencrypt.org/acme/new-acct",
  "newNonce": "https://acme-v02.api.letsencrypt.org/acme/new-nonce",
  "newOrder": "https://acme-v02.api.letsencrypt.org/acme/new-order",
  "renewalInfo": "https://acme-v02.api.letsencrypt.org/acme/renewal-info",
  "revokeCert": "https://acme-v02.api.letsencrypt.org/acme/revoke-cert"
}
2026-04-18 11:13:16,378:DEBUG:certbot._internal.display.obj:Notifying user: Requesting a certificate for reverb.tiagomsantos.pt
2026-04-18 11:13:16,387:DEBUG:acme.client:Requesting fresh nonce
2026-04-18 11:13:16,388:DEBUG:acme.client:Sending HEAD request to https://acme-v02.api.letsencrypt.org/acme/new-nonce.
2026-04-18 11:13:16,565:DEBUG:urllib3.connectionpool:https://acme-v02.api.letsencrypt.org:443 "HEAD /acme/new-nonce HTTP/1.1" 200 0
2026-04-18 11:13:16,567:DEBUG:acme.client:Received response:
HTTP 200
Server: nginx
Date: Sat, 18 Apr 2026 11:13:14 GMT
Connection: keep-alive
Cache-Control: public, max-age=0, no-cache
Link: <https://acme-v02.api.letsencrypt.org/directory>;rel="index"
Replay-Nonce: a-V5MCAwkAp2H4wnUOhiggptmkfZlUV-khK8DzsDj_ns0wJIWtw
X-Frame-Options: DENY
Strict-Transport-Security: max-age=604800


2026-04-18 11:13:16,568:DEBUG:acme.client:Storing nonce: a-V5MCAwkAp2H4wnUOhiggptmkfZlUV-khK8DzsDj_ns0wJIWtw
2026-04-18 11:13:16,569:DEBUG:acme.client:JWS payload:
b'{\n  "identifiers": [\n    {\n      "type": "dns",\n      "value": "reverb.tiagomsantos.pt"\n    }\n  ]\n}'
2026-04-18 11:13:16,573:DEBUG:acme.client:Sending POST request to https://acme-v02.api.letsencrypt.org/acme/new-order:
{
  "protected": "eyJhbGciOiAiUlMyNTYiLCAia2lkIjogImh0dHBzOi8vYWNtZS12MDIuYXBpLmxldHNlbmNyeXB0Lm9yZy9hY21lL2FjY3QvMzI1MTk2Njg5MSIsICJub25jZSI6ICJhLVY1TUNBd2tBcDJINHduVU9oaWdncHRta2ZabFVWLWtoSzhEenNEal9uczB3SklXdHciLCAidXJsIjogImh0dHBzOi8vYWNtZS12MDIuYXBpLmxldHNlbmNyeXB0Lm9yZy9hY21lL25ldy1vcmRlciJ9",
  "signature": "W-AGLi8FNkeLP5w5AQeEbndGEccj6HVd7r0NLmVByOccUTG4VItWeez34w6zwI6P0u64-nzhsSrt_19jrYE87-0LYcO4R37ryAeGyHcWmO0Fe-V5uuDH2kga8SLoneD6AY2dx3d9-67vRRxTDev9kpFwYMr_sCmKH6iAaGiKXhNezMBS6R4LbpaLIxFhR46eG0ZjYX0IG8U7QUNgDecW0CP8uXeK4LUAIBHUhy9pqt3Nfg3ukwuofaanjU2xbjZKjSIScg7uhe577_eMR6lCtaI0ky-shyK66sQnl0Uan_njljUHHlHSDPLokK2VaQlAOeNHdn0etIRxJF7K3XFzIA",
  "payload": "ewogICJpZGVudGlmaWVycyI6IFsKICAgIHsKICAgICAgInR5cGUiOiAiZG5zIiwKICAgICAgInZhbHVlIjogInJldmVyYi50aWFnb21zYW50b3MucHQiCiAgICB9CiAgXQp9"
}
2026-04-18 11:13:16,788:DEBUG:urllib3.connectionpool:https://acme-v02.api.letsencrypt.org:443 "POST /acme/new-order HTTP/1.1" 201 356
2026-04-18 11:13:16,791:DEBUG:acme.client:Received response:
HTTP 201
Server: nginx
Date: Sat, 18 Apr 2026 11:13:14 GMT
Content-Type: application/json
Content-Length: 356
Connection: keep-alive
Boulder-Requester: 3251966891
Cache-Control: public, max-age=0, no-cache
Link: <https://acme-v02.api.letsencrypt.org/directory>;rel="index"
Location: https://acme-v02.api.letsencrypt.org/acme/order/3251966891/501926446281
Replay-Nonce: IRr4kSss3nyJrC0fTg0m981qpd_qv3FVSAU9i9mlyZoCqg0yGXk
X-Frame-Options: DENY
Strict-Transport-Security: max-age=604800

{
  "status": "pending",
  "expires": "2026-04-25T11:13:14Z",
  "identifiers": [
    {
      "type": "dns",
      "value": "reverb.tiagomsantos.pt"
    }
  ],
  "authorizations": [
    "https://acme-v02.api.letsencrypt.org/acme/authz/3251966891/690067197191"
  ],
  "finalize": "https://acme-v02.api.letsencrypt.org/acme/finalize/3251966891/501926446281"
}
2026-04-18 11:13:16,794:DEBUG:acme.client:Storing nonce: IRr4kSss3nyJrC0fTg0m981qpd_qv3FVSAU9i9mlyZoCqg0yGXk
2026-04-18 11:13:16,796:DEBUG:acme.client:JWS payload:
b''
2026-04-18 11:13:16,800:DEBUG:acme.client:Sending POST request to https://acme-v02.api.letsencrypt.org/acme/authz/3251966891/690067197191:
{
  "protected": "eyJhbGciOiAiUlMyNTYiLCAia2lkIjogImh0dHBzOi8vYWNtZS12MDIuYXBpLmxldHNlbmNyeXB0Lm9yZy9hY21lL2FjY3QvMzI1MTk2Njg5MSIsICJub25jZSI6ICJJUnI0a1NzczNueUpyQzBmVGcwbTk4MXFwZF9xdjNGVlNBVTlpOW1seVpvQ3FnMHlHWGsiLCAidXJsIjogImh0dHBzOi8vYWNtZS12MDIuYXBpLmxldHNlbmNyeXB0Lm9yZy9hY21lL2F1dGh6LzMyNTE5NjY4OTEvNjkwMDY3MTk3MTkxIn0",
  "signature": "rjdAUa0LNcSKA6l0peQIkyjI7i345FdN1FEoM11UNCt90BkAanQPQB-nW-OSw0frOETIisKhOILU-rNMuf_n222fE7yqJVFvyLOhFpHsWtI2sJhs3lIAkkrxdGVuPY3m7ene1CR8zCVo4bIbiMnR4wJQeJK3pJF0qa1il-FIWYbj2BgsJt1NcjCeG2yhQcpwjmLwdfoP9Yz0zFua_MvM60YahKaYZW4YiYp5rfEOOLr9XinDCOLmjSQwIVgn1qDap3R5pl8eHnUbOriix40-JhFK6EVhnQBcSOXbGmVFTGr7nm127TCPUd_AUeKHDZGn8Am3sJDlpmcDCLyOOhp_sw",
  "payload": ""
}
2026-04-18 11:13:16,969:DEBUG:urllib3.connectionpool:https://acme-v02.api.letsencrypt.org:443 "POST /acme/authz/3251966891/690067197191 HTTP/1.1" 200 830
2026-04-18 11:13:16,971:DEBUG:acme.client:Received response:
HTTP 200
Server: nginx
Date: Sat, 18 Apr 2026 11:13:14 GMT
Content-Type: application/json
Content-Length: 830
Connection: keep-alive
Boulder-Requester: 3251966891
Cache-Control: public, max-age=0, no-cache
Link: <https://acme-v02.api.letsencrypt.org/directory>;rel="index"
Replay-Nonce: a-V5MCAwHvbmJ5zv__TeuisyhxLfyv4ke0nCbBvfb63-v0QMkAI
X-Frame-Options: DENY
Strict-Transport-Security: max-age=604800

{
  "identifier": {
    "type": "dns",
    "value": "reverb.tiagomsantos.pt"
  },
  "status": "pending",
  "expires": "2026-04-25T11:13:14Z",
  "challenges": [
    {
      "type": "tls-alpn-01",
      "url": "https://acme-v02.api.letsencrypt.org/acme/chall/3251966891/690067197191/F8KbuQ",
      "status": "pending",
      "token": "yMZqTb8OKXvf3nrbPAcsvhD4S3DQON-J4ojEx8ABrDI"
    },
    {
      "type": "http-01",
      "url": "https://acme-v02.api.letsencrypt.org/acme/chall/3251966891/690067197191/Ay0T8Q",
      "status": "pending",
      "token": "yMZqTb8OKXvf3nrbPAcsvhD4S3DQON-J4ojEx8ABrDI"
    },
    {
      "type": "dns-01",
      "url": "https://acme-v02.api.letsencrypt.org/acme/chall/3251966891/690067197191/sNIvJQ",
      "status": "pending",
      "token": "yMZqTb8OKXvf3nrbPAcsvhD4S3DQON-J4ojEx8ABrDI"
    }
  ]
}
2026-04-18 11:13:16,972:DEBUG:acme.client:Storing nonce: a-V5MCAwHvbmJ5zv__TeuisyhxLfyv4ke0nCbBvfb63-v0QMkAI
2026-04-18 11:13:16,973:DEBUG:acme.challenges:tls-alpn-01 was not recognized, full message: {'type': 'tls-alpn-01', 'url': 'https://acme-v02.api.letsencrypt.org/acme/chall/3251966891/690067197191/F8KbuQ', 'status': 'pending', 'token': 'yMZqTb8OKXvf3nrbPAcsvhD4S3DQON-J4ojEx8ABrDI'}
2026-04-18 11:13:16,974:INFO:certbot._internal.auth_handler:Performing the following challenges:
2026-04-18 11:13:16,975:INFO:certbot._internal.auth_handler:http-01 challenge for Identifier(typ=IdentifierType(dns), value='reverb.tiagomsantos.pt')
2026-04-18 11:13:16,976:INFO:certbot._internal.plugins.webroot:Using the webroot path /data/letsencrypt-acme-challenge for all unmatched domains.
2026-04-18 11:13:16,978:DEBUG:certbot._internal.plugins.webroot:Creating root challenges validation dir at /data/letsencrypt-acme-challenge/.well-known/acme-challenge
2026-04-18 11:13:16,986:DEBUG:certbot._internal.plugins.webroot:Attempting to save validation to /data/letsencrypt-acme-challenge/.well-known/acme-challenge/yMZqTb8OKXvf3nrbPAcsvhD4S3DQON-J4ojEx8ABrDI
2026-04-18 11:13:16,994:DEBUG:acme.client:JWS payload:
b'{}'
2026-04-18 11:13:16,995:DEBUG:acme.client:Sending POST request to https://acme-v02.api.letsencrypt.org/acme/chall/3251966891/690067197191/Ay0T8Q:
{
  "protected": "eyJhbGciOiAiUlMyNTYiLCAia2lkIjogImh0dHBzOi8vYWNtZS12MDIuYXBpLmxldHNlbmNyeXB0Lm9yZy9hY21lL2FjY3QvMzI1MTk2Njg5MSIsICJub25jZSI6ICJhLVY1TUNBd0h2Ym1KNXp2X19UZXVpc3loeExmeXY0a2UwbkNiQnZmYjYzLXYwUU1rQUkiLCAidXJsIjogImh0dHBzOi8vYWNtZS12MDIuYXBpLmxldHNlbmNyeXB0Lm9yZy9hY21lL2NoYWxsLzMyNTE5NjY4OTEvNjkwMDY3MTk3MTkxL0F5MFQ4USJ9",
  "signature": "ICjIbYgcvRWTAbdBwMhvA9v7Y4hbUvliz7-zcCU9QHlda6SKTuM-uuphS7e20GAAMjRJgCwa_LdbWJBHanoncQ8wjMWUXXYCuRUw-CmjrlkVM1smhq3B9Xlbiygckf5VL_JQXpsqW-gKyCB8y-Ql_4oaRKr4GajEvNAEeJ5s7NcD9WtPDeIXhWsysJ8kTsPax2Ltwpuqcyjr0KI4ejkG5ylx4JtpYQEKEBmCtiCwOTHw97zPk3rrju9dtQNiwLW0o6dtbG43g4ayKUK0Pw9-yTPLIcUPaS-3gI1DlifMvVV5bA_-YA8aL-3hC-1NOc9gY5l7B-AUhWKwX3xtIe7AFA",
  "payload": "e30"
}
2026-04-18 11:13:17,170:DEBUG:urllib3.connectionpool:https://acme-v02.api.letsencrypt.org:443 "POST /acme/chall/3251966891/690067197191/Ay0T8Q HTTP/1.1" 200 195
2026-04-18 11:13:17,172:DEBUG:acme.client:Received response:
HTTP 200
Server: nginx
Date: Sat, 18 Apr 2026 11:13:14 GMT
Content-Type: application/json
Content-Length: 195
Connection: keep-alive
Boulder-Requester: 3251966891
Cache-Control: public, max-age=0, no-cache
Link: <https://acme-v02.api.letsencrypt.org/directory>;rel="index", <https://acme-v02.api.letsencrypt.org/acme/authz/3251966891/690067197191>;rel="up"
Location: https://acme-v02.api.letsencrypt.org/acme/chall/3251966891/690067197191/Ay0T8Q
Replay-Nonce: a-V5MCAw5LF5t8fANWvKs1BumT81C35OVABMItV-SVlABxJFl7w
X-Frame-Options: DENY
Strict-Transport-Security: max-age=604800

{
  "type": "http-01",
  "url": "https://acme-v02.api.letsencrypt.org/acme/chall/3251966891/690067197191/Ay0T8Q",
  "status": "pending",
  "token": "yMZqTb8OKXvf3nrbPAcsvhD4S3DQON-J4ojEx8ABrDI"
}
2026-04-18 11:13:17,174:DEBUG:acme.client:Storing nonce: a-V5MCAw5LF5t8fANWvKs1BumT81C35OVABMItV-SVlABxJFl7w
2026-04-18 11:13:17,176:INFO:certbot._internal.auth_handler:Waiting for verification...
2026-04-18 11:13:18,177:DEBUG:acme.client:JWS payload:
b''
2026-04-18 11:13:18,179:DEBUG:acme.client:Sending POST request to https://acme-v02.api.letsencrypt.org/acme/authz/3251966891/690067197191:
{
  "protected": "eyJhbGciOiAiUlMyNTYiLCAia2lkIjogImh0dHBzOi8vYWNtZS12MDIuYXBpLmxldHNlbmNyeXB0Lm9yZy9hY21lL2FjY3QvMzI1MTk2Njg5MSIsICJub25jZSI6ICJhLVY1TUNBdzVMRjV0OGZBTld2S3MxQnVtVDgxQzM1T1ZBQk1JdFYtU1ZsQUJ4SkZsN3ciLCAidXJsIjogImh0dHBzOi8vYWNtZS12MDIuYXBpLmxldHNlbmNyeXB0Lm9yZy9hY21lL2F1dGh6LzMyNTE5NjY4OTEvNjkwMDY3MTk3MTkxIn0",
  "signature": "yXa0zVN3CSdxF40XhnhvxJhnqvivMvOkeIjBxMvk_v_fcsfUMR3ZuTg3FqO9vidHpBGY7DCA_nwU544-oYKDV5bkyrLjgf31wlu4UlqILRs_BoMpBU2fBO1ZSFZn1UkzapDhwBY4jkdmkM2yOs9jKlRK_ij80JZ3zpEiv_XcksdRQKN5X4AY2f_u-BglIFDgGDMmvaVP126FYVX0ZiTjU5R55u3h0FERFwcqnr4kxT0wTEFv-0iHKfxXaTz-f4U_S1c_LGutlygyL-D3fXOaCokX-ETUdPWdqOl1JPW3DpS0CRQqBkDebghUOPhsIRXRoTxoG50DZVltqp_evZmsYQ",
  "payload": ""
}
2026-04-18 11:13:18,359:DEBUG:urllib3.connectionpool:https://acme-v02.api.letsencrypt.org:443 "POST /acme/authz/3251966891/690067197191 HTTP/1.1" 200 655
2026-04-18 11:13:18,372:DEBUG:acme.client:Received response:
HTTP 200
Server: nginx
Date: Sat, 18 Apr 2026 11:13:16 GMT
Content-Type: application/json
Content-Length: 655
Connection: keep-alive
Boulder-Requester: 3251966891
Cache-Control: public, max-age=0, no-cache
Link: <https://acme-v02.api.letsencrypt.org/directory>;rel="index"
Replay-Nonce: a-V5MCAwdAOi1fgvfGjaB8hOx9VlfzYNT1Rvq4YZaWrrj-d84OY
X-Frame-Options: DENY
Strict-Transport-Security: max-age=604800

{
  "identifier": {
    "type": "dns",
    "value": "reverb.tiagomsantos.pt"
  },
  "status": "invalid",
  "expires": "2026-04-25T11:13:14Z",
  "challenges": [
    {
      "type": "http-01",
      "url": "https://acme-v02.api.letsencrypt.org/acme/chall/3251966891/690067197191/Ay0T8Q",
      "status": "invalid",
      "validated": "2026-04-18T11:13:14Z",
      "error": {
        "type": "urn:ietf:params:acme:error:dns",
        "detail": "no valid A records found for reverb.tiagomsantos.pt; no valid AAAA records found for reverb.tiagomsantos.pt",
        "status": 400
      },
      "token": "yMZqTb8OKXvf3nrbPAcsvhD4S3DQON-J4ojEx8ABrDI"
    }
  ]
}
2026-04-18 11:13:18,382:DEBUG:acme.client:Storing nonce: a-V5MCAwdAOi1fgvfGjaB8hOx9VlfzYNT1Rvq4YZaWrrj-d84OY
2026-04-18 11:13:18,385:INFO:certbot._internal.auth_handler:Challenge failed for domain reverb.tiagomsantos.pt
2026-04-18 11:13:18,387:INFO:certbot._internal.auth_handler:http-01 challenge for Identifier(typ=IdentifierType(dns), value='reverb.tiagomsantos.pt')
2026-04-18 11:13:18,388:DEBUG:certbot._internal.display.obj:Notifying user: 
Certbot failed to authenticate some domains (authenticator: webroot). The Certificate Authority reported these problems:
  Identifier: reverb.tiagomsantos.pt
  Type:   dns
  Detail: no valid A records found for reverb.tiagomsantos.pt; no valid AAAA records found for reverb.tiagomsantos.pt

Hint: The Certificate Authority failed to download the temporary challenge files created by Certbot. Ensure that the listed domains serve their content from the provided --webroot-path/-w and that files created there can be downloaded from the internet.

2026-04-18 11:13:18,390:DEBUG:certbot._internal.error_handler:Encountered exception:
Traceback (most recent call last):
  File "/opt/certbot/lib/python3.11/site-packages/certbot/_internal/auth_handler.py", line 104, in handle_authorizations
    self._poll_authorizations(authzrs, max_retries, max_time_mins, best_effort)
  File "/opt/certbot/lib/python3.11/site-packages/certbot/_internal/auth_handler.py", line 208, in _poll_authorizations
    raise errors.AuthorizationError('Some challenges have failed.')
certbot.errors.AuthorizationError: Some challenges have failed.

2026-04-18 11:13:18,391:DEBUG:certbot._internal.error_handler:Calling registered functions
2026-04-18 11:13:18,393:INFO:certbot._internal.auth_handler:Cleaning up challenges
2026-04-18 11:13:18,394:DEBUG:certbot._internal.plugins.webroot:Removing /data/letsencrypt-acme-challenge/.well-known/acme-challenge/yMZqTb8OKXvf3nrbPAcsvhD4S3DQON-J4ojEx8ABrDI
2026-04-18 11:13:18,398:DEBUG:certbot._internal.plugins.webroot:All challenges cleaned up
2026-04-18 11:13:18,405:DEBUG:certbot._internal.log:Exiting abnormally:
Traceback (most recent call last):
  File "/opt/certbot/bin/certbot", line 6, in <module>
    sys.exit(main())
             ^^^^^^
  File "/opt/certbot/lib/python3.11/site-packages/certbot/main.py", line 18, in main
    return internal_main.main(cli_args)
           ^^^^^^^^^^^^^^^^^^^^^^^^^^^^
  File "/opt/certbot/lib/python3.11/site-packages/certbot/_internal/main.py", line 1886, in main
    return config.func(config, plugins)
           ^^^^^^^^^^^^^^^^^^^^^^^^^^^^
  File "/opt/certbot/lib/python3.11/site-packages/certbot/_internal/main.py", line 1598, in certonly
    lineage = _get_and_save_cert(le_client, config, sans, certname, lineage)
              ^^^^^^^^^^^^^^^^^^^^^^^^^^^^^^^^^^^^^^^^^^^^^^^^^^^^^^^^^^^^^^
  File "/opt/certbot/lib/python3.11/site-packages/certbot/_internal/main.py", line 143, in _get_and_save_cert
    lineage = le_client.obtain_and_enroll_certificate(sans, certname)
              ^^^^^^^^^^^^^^^^^^^^^^^^^^^^^^^^^^^^^^^^^^^^^^^^^^^^^^^
  File "/opt/certbot/lib/python3.11/site-packages/certbot/_internal/client.py", line 533, in obtain_and_enroll_certificate
    cert, chain, key, _ = self.obtain_certificate(sans)
                          ^^^^^^^^^^^^^^^^^^^^^^^^^^^^^
  File "/opt/certbot/lib/python3.11/site-packages/certbot/_internal/client.py", line 434, in obtain_certificate
    orderr = self._get_order_and_authorizations(csr.data, self.config.allow_subset_of_names)
             ^^^^^^^^^^^^^^^^^^^^^^^^^^^^^^^^^^^^^^^^^^^^^^^^^^^^^^^^^^^^^^^^^^^^^^^^^^^^^^^
  File "/opt/certbot/lib/python3.11/site-packages/certbot/_internal/client.py", line 512, in _get_order_and_authorizations
    authzr = self.auth_handler.handle_authorizations(orderr, self.config, best_effort)
             ^^^^^^^^^^^^^^^^^^^^^^^^^^^^^^^^^^^^^^^^^^^^^^^^^^^^^^^^^^^^^^^^^^^^^^^^^
  File "/opt/certbot/lib/python3.11/site-packages/certbot/_internal/auth_handler.py", line 104, in handle_authorizations
    self._poll_authorizations(authzrs, max_retries, max_time_mins, best_effort)
  File "/opt/certbot/lib/python3.11/site-packages/certbot/_internal/auth_handler.py", line 208, in _poll_authorizations
    raise errors.AuthorizationError('Some challenges have failed.')
certbot.errors.AuthorizationError: Some challenges have failed.
2026-04-18 11:13:18,408:ERROR:certbot._internal.log:Some challenges have failed.
